mode: atomic
github.com/Razzle131/dungeon-challenge/adapters/printer/printer.go:11.24,13.2 1 0
github.com/Razzle131/dungeon-challenge/adapters/printer/printer.go:15.55,17.2 1 0
github.com/Razzle131/dungeon-challenge/adapters/printer/printer.go:19.52,21.2 1 0
github.com/Razzle131/dungeon-challenge/adapters/printer/printer.go:23.58,25.2 1 0
github.com/Razzle131/dungeon-challenge/adapters/printer/printer.go:27.56,29.2 1 0
github.com/Razzle131/dungeon-challenge/adapters/printer/printer.go:31.56,33.2 1 0
github.com/Razzle131/dungeon-challenge/adapters/printer/printer.go:35.56,37.2 1 0
github.com/Razzle131/dungeon-challenge/adapters/printer/printer.go:39.55,41.2 1 0
github.com/Razzle131/dungeon-challenge/adapters/printer/printer.go:43.51,45.2 1 0
github.com/Razzle131/dungeon-challenge/adapters/printer/printer.go:47.61,49.2 1 0
github.com/Razzle131/dungeon-challenge/adapters/printer/printer.go:51.53,53.2 1 0
github.com/Razzle131/dungeon-challenge/adapters/printer/printer.go:55.54,57.2 1 0
github.com/Razzle131/dungeon-challenge/adapters/printer/printer.go:59.59,61.2 1 0
github.com/Razzle131/dungeon-challenge/adapters/printer/printer.go:63.51,65.2 1 0
github.com/Razzle131/dungeon-challenge/adapters/printer/printer.go:67.61,69.2 1 0
github.com/Razzle131/dungeon-challenge/adapters/printer/printer.go:71.41,73.2 1 0
github.com/Razzle131/dungeon-challenge/adapters/printer/printer.go:75.56,83.2 1 0
github.com/Razzle131/dungeon-challenge/adapters/printer/printer.go:90.37,96.2 4 0
github.com/Razzle131/dungeon-challenge/config/config.go:25.41,27.16 2 0
github.com/Razzle131/dungeon-challenge/config/config.go:27.16,28.13 1 0
github.com/Razzle131/dungeon-challenge/config/config.go:30.2,34.16 4 0
github.com/Razzle131/dungeon-challenge/config/config.go:34.16,35.13 1 0
github.com/Razzle131/dungeon-challenge/config/config.go:38.2,39.16 2 0
github.com/Razzle131/dungeon-challenge/config/config.go:39.16,40.13 1 0
github.com/Razzle131/dungeon-challenge/config/config.go:43.2,48.3 1 0
github.com/Razzle131/dungeon-challenge/main.go:14.13,24.16 8 0
github.com/Razzle131/dungeon-challenge/main.go:24.16,25.13 1 0
github.com/Razzle131/dungeon-challenge/main.go:28.2,33.45 4 0
github.com/Razzle131/dungeon-challenge/adapters/events/events.go:19.53,21.16 2 0
github.com/Razzle131/dungeon-challenge/adapters/events/events.go:21.16,23.3 1 0
github.com/Razzle131/dungeon-challenge/adapters/events/events.go:25.2,28.8 1 0
github.com/Razzle131/dungeon-challenge/adapters/events/events.go:31.44,32.39 1 0
github.com/Razzle131/dungeon-challenge/adapters/events/events.go:32.39,34.3 1 0
github.com/Razzle131/dungeon-challenge/adapters/events/events.go:37.62,38.22 1 0
github.com/Razzle131/dungeon-challenge/adapters/events/events.go:38.22,43.17 4 0
github.com/Razzle131/dungeon-challenge/adapters/events/events.go:43.17,45.4 1 0
github.com/Razzle131/dungeon-challenge/adapters/events/events.go:47.3,48.17 2 0
github.com/Razzle131/dungeon-challenge/adapters/events/events.go:48.17,50.4 1 0
github.com/Razzle131/dungeon-challenge/adapters/events/events.go:52.3,53.17 2 0
github.com/Razzle131/dungeon-challenge/adapters/events/events.go:53.17,55.4 1 0
github.com/Razzle131/dungeon-challenge/adapters/events/events.go:57.3,58.35 2 0
github.com/Razzle131/dungeon-challenge/adapters/events/events.go:58.35,60.4 1 0
github.com/Razzle131/dungeon-challenge/adapters/events/events.go:61.3,61.55 1 0
github.com/Razzle131/dungeon-challenge/adapters/events/events.go:61.55,63.4 1 0
github.com/Razzle131/dungeon-challenge/adapters/events/events.go:65.3,71.9 1 0
github.com/Razzle131/dungeon-challenge/adapters/events/events.go:74.2,74.43 1 0
github.com/Razzle131/dungeon-challenge/adapters/players/players.go:14.35,18.2 1 0
github.com/Razzle131/dungeon-challenge/adapters/players/players.go:20.100,21.40 1 0
github.com/Razzle131/dungeon-challenge/adapters/players/players.go:21.40,23.3 1 0
github.com/Razzle131/dungeon-challenge/adapters/players/players.go:25.2,26.15 2 0
github.com/Razzle131/dungeon-challenge/adapters/players/players.go:29.88,30.41 1 0
github.com/Razzle131/dungeon-challenge/adapters/players/players.go:30.41,32.3 1 0
github.com/Razzle131/dungeon-challenge/adapters/players/players.go:34.2,35.12 2 0
github.com/Razzle131/dungeon-challenge/adapters/players/players.go:38.97,40.12 2 0
github.com/Razzle131/dungeon-challenge/adapters/players/players.go:40.12,42.3 1 0
github.com/Razzle131/dungeon-challenge/adapters/players/players.go:44.2,44.17 1 0
github.com/Razzle131/dungeon-challenge/adapters/players/players.go:47.82,49.30 2 0
github.com/Razzle131/dungeon-challenge/adapters/players/players.go:49.30,51.3 1 0
github.com/Razzle131/dungeon-challenge/adapters/players/players.go:53.2,53.50 1 0
github.com/Razzle131/dungeon-challenge/adapters/players/players.go:53.50,55.3 1 0
github.com/Razzle131/dungeon-challenge/adapters/players/players.go:57.2,57.12 1 0
github.com/Razzle131/dungeon-challenge/core/mocks/mock.go:33.67,37.2 3 0
github.com/Razzle131/dungeon-challenge/core/mocks/mock.go:40.65,42.2 1 0
github.com/Razzle131/dungeon-challenge/core/mocks/mock.go:45.62,51.2 5 0
github.com/Razzle131/dungeon-challenge/core/mocks/mock.go:54.68,57.2 2 0
github.com/Razzle131/dungeon-challenge/core/mocks/mock.go:72.77,76.2 3 0
github.com/Razzle131/dungeon-challenge/core/mocks/mock.go:79.75,81.2 1 0
github.com/Razzle131/dungeon-challenge/core/mocks/mock.go:84.99,90.2 5 0
github.com/Razzle131/dungeon-challenge/core/mocks/mock.go:93.80,96.2 2 0
github.com/Razzle131/dungeon-challenge/core/mocks/mock.go:99.81,104.2 4 0
github.com/Razzle131/dungeon-challenge/core/mocks/mock.go:107.81,110.2 2 0
github.com/Razzle131/dungeon-challenge/core/mocks/mock.go:113.96,119.2 5 0
github.com/Razzle131/dungeon-challenge/core/mocks/mock.go:122.85,125.2 2 0
github.com/Razzle131/dungeon-challenge/core/mocks/mock.go:128.87,133.2 4 0
github.com/Razzle131/dungeon-challenge/core/mocks/mock.go:136.83,139.2 2 0
github.com/Razzle131/dungeon-challenge/core/mocks/mock.go:154.59,158.2 3 0
github.com/Razzle131/dungeon-challenge/core/mocks/mock.go:161.57,163.2 1 0
github.com/Razzle131/dungeon-challenge/core/mocks/mock.go:166.62,169.2 2 0
github.com/Razzle131/dungeon-challenge/core/mocks/mock.go:172.81,175.2 2 0
github.com/Razzle131/dungeon-challenge/core/mocks/mock.go:178.55,181.2 2 0
github.com/Razzle131/dungeon-challenge/core/mocks/mock.go:184.74,187.2 2 0
github.com/Razzle131/dungeon-challenge/core/mocks/mock.go:190.52,193.2 2 0
github.com/Razzle131/dungeon-challenge/core/mocks/mock.go:196.71,199.2 2 0
github.com/Razzle131/dungeon-challenge/core/mocks/mock.go:202.60,205.2 2 0
github.com/Razzle131/dungeon-challenge/core/mocks/mock.go:208.79,211.2 2 0
github.com/Razzle131/dungeon-challenge/core/mocks/mock.go:214.53,217.2 2 0
github.com/Razzle131/dungeon-challenge/core/mocks/mock.go:220.72,223.2 2 0
github.com/Razzle131/dungeon-challenge/core/mocks/mock.go:226.57,229.2 2 0
github.com/Razzle131/dungeon-challenge/core/mocks/mock.go:232.76,235.2 2 0
github.com/Razzle131/dungeon-challenge/core/mocks/mock.go:238.54,241.2 2 0
github.com/Razzle131/dungeon-challenge/core/mocks/mock.go:244.73,247.2 2 0
github.com/Razzle131/dungeon-challenge/core/mocks/mock.go:250.62,253.2 2 0
github.com/Razzle131/dungeon-challenge/core/mocks/mock.go:256.81,259.2 2 0
github.com/Razzle131/dungeon-challenge/core/mocks/mock.go:262.56,265.2 2 0
github.com/Razzle131/dungeon-challenge/core/mocks/mock.go:268.75,271.2 2 0
github.com/Razzle131/dungeon-challenge/core/mocks/mock.go:274.59,277.2 2 0
github.com/Razzle131/dungeon-challenge/core/mocks/mock.go:280.78,283.2 2 0
github.com/Razzle131/dungeon-challenge/core/mocks/mock.go:286.52,289.2 2 0
github.com/Razzle131/dungeon-challenge/core/mocks/mock.go:292.71,295.2 2 0
github.com/Razzle131/dungeon-challenge/core/mocks/mock.go:298.57,301.2 2 0
github.com/Razzle131/dungeon-challenge/core/mocks/mock.go:304.76,307.2 2 0
github.com/Razzle131/dungeon-challenge/core/mocks/mock.go:310.57,313.2 2 0
github.com/Razzle131/dungeon-challenge/core/mocks/mock.go:316.76,319.2 2 0
github.com/Razzle131/dungeon-challenge/core/mocks/mock.go:322.56,325.2 2 0
github.com/Razzle131/dungeon-challenge/core/mocks/mock.go:328.75,331.2 2 0
github.com/Razzle131/dungeon-challenge/core/models.go:27.45,41.39 2 0
github.com/Razzle131/dungeon-challenge/core/models.go:41.39,44.3 2 0
github.com/Razzle131/dungeon-challenge/core/models.go:46.2,46.12 1 0
github.com/Razzle131/dungeon-challenge/core/service.go:30.109,42.2 1 56
github.com/Razzle131/dungeon-challenge/core/service.go:44.54,47.39 3 0
github.com/Razzle131/dungeon-challenge/core/service.go:47.39,50.34 3 0
github.com/Razzle131/dungeon-challenge/core/service.go:50.34,53.4 1 0
github.com/Razzle131/dungeon-challenge/core/service.go:53.9,53.24 1 0
github.com/Razzle131/dungeon-challenge/core/service.go:53.24,54.12 1 0
github.com/Razzle131/dungeon-challenge/core/service.go:57.3,61.56 4 0
github.com/Razzle131/dungeon-challenge/core/service.go:61.56,63.4 1 0
github.com/Razzle131/dungeon-challenge/core/service.go:66.2,69.33 3 0
github.com/Razzle131/dungeon-challenge/core/service.go:69.33,71.3 1 0
github.com/Razzle131/dungeon-challenge/core/service.go:74.81,76.23 2 0
github.com/Razzle131/dungeon-challenge/core/service.go:77.21,78.86 1 0
github.com/Razzle131/dungeon-challenge/core/service.go:79.18,80.88 1 0
github.com/Razzle131/dungeon-challenge/core/service.go:81.24,82.93 1 0
github.com/Razzle131/dungeon-challenge/core/service.go:83.22,84.93 1 0
github.com/Razzle131/dungeon-challenge/core/service.go:85.22,86.93 1 0
github.com/Razzle131/dungeon-challenge/core/service.go:87.22,88.89 1 0
github.com/Razzle131/dungeon-challenge/core/service.go:89.21,90.88 1 0
github.com/Razzle131/dungeon-challenge/core/service.go:91.17,92.85 1 0
github.com/Razzle131/dungeon-challenge/core/service.go:93.27,94.98 1 0
github.com/Razzle131/dungeon-challenge/core/service.go:95.19,97.10 2 0
github.com/Razzle131/dungeon-challenge/core/service.go:97.10,98.9 1 0
github.com/Razzle131/dungeon-challenge/core/service.go:101.3,102.17 2 0
github.com/Razzle131/dungeon-challenge/core/service.go:102.17,104.4 1 0
github.com/Razzle131/dungeon-challenge/core/service.go:105.20,107.10 2 0
github.com/Razzle131/dungeon-challenge/core/service.go:107.10,108.9 1 0
github.com/Razzle131/dungeon-challenge/core/service.go:111.3,112.17 2 0
github.com/Razzle131/dungeon-challenge/core/service.go:112.17,114.4 1 0
github.com/Razzle131/dungeon-challenge/core/service.go:115.3,115.13 1 0
github.com/Razzle131/dungeon-challenge/core/service.go:115.13,117.4 1 0
github.com/Razzle131/dungeon-challenge/core/service.go:120.2,120.39 1 0
github.com/Razzle131/dungeon-challenge/core/service.go:120.39,122.3 1 0
github.com/Razzle131/dungeon-challenge/core/service.go:124.2,124.43 1 0
github.com/Razzle131/dungeon-challenge/core/service.go:124.43,126.3 1 0
github.com/Razzle131/dungeon-challenge/core/service.go:129.160,131.16 2 0
github.com/Razzle131/dungeon-challenge/core/service.go:131.16,134.3 1 0
github.com/Razzle131/dungeon-challenge/core/service.go:135.2,136.12 2 0
github.com/Razzle131/dungeon-challenge/core/service.go:139.91,140.42 1 3
github.com/Razzle131/dungeon-challenge/core/service.go:140.42,142.3 1 1
github.com/Razzle131/dungeon-challenge/core/service.go:144.2,144.42 1 2
github.com/Razzle131/dungeon-challenge/core/service.go:144.42,146.3 1 1
github.com/Razzle131/dungeon-challenge/core/service.go:148.2,150.33 3 1
github.com/Razzle131/dungeon-challenge/core/service.go:150.33,153.3 2 0
github.com/Razzle131/dungeon-challenge/core/service.go:154.2,154.16 1 1
github.com/Razzle131/dungeon-challenge/core/service.go:154.16,156.3 1 0
github.com/Razzle131/dungeon-challenge/core/service.go:158.2,158.12 1 1
github.com/Razzle131/dungeon-challenge/core/service.go:161.96,163.16 2 4
github.com/Razzle131/dungeon-challenge/core/service.go:163.16,165.3 1 3
github.com/Razzle131/dungeon-challenge/core/service.go:167.2,174.33 7 1
github.com/Razzle131/dungeon-challenge/core/service.go:174.33,177.3 2 0
github.com/Razzle131/dungeon-challenge/core/service.go:178.2,178.16 1 1
github.com/Razzle131/dungeon-challenge/core/service.go:178.16,180.3 1 0
github.com/Razzle131/dungeon-challenge/core/service.go:182.2,182.12 1 1
github.com/Razzle131/dungeon-challenge/core/service.go:185.95,187.16 2 6
github.com/Razzle131/dungeon-challenge/core/service.go:187.16,189.3 1 3
github.com/Razzle131/dungeon-challenge/core/service.go:191.2,191.48 1 3
github.com/Razzle131/dungeon-challenge/core/service.go:191.48,193.3 1 1
github.com/Razzle131/dungeon-challenge/core/service.go:195.2,195.50 1 2
github.com/Razzle131/dungeon-challenge/core/service.go:195.50,197.3 1 1
github.com/Razzle131/dungeon-challenge/core/service.go:199.2,200.50 2 1
github.com/Razzle131/dungeon-challenge/core/service.go:200.50,203.3 2 1
github.com/Razzle131/dungeon-challenge/core/service.go:205.2,206.33 2 1
github.com/Razzle131/dungeon-challenge/core/service.go:206.33,209.3 2 0
github.com/Razzle131/dungeon-challenge/core/service.go:210.2,210.16 1 1
github.com/Razzle131/dungeon-challenge/core/service.go:210.16,212.3 1 0
github.com/Razzle131/dungeon-challenge/core/service.go:214.2,214.12 1 1
github.com/Razzle131/dungeon-challenge/core/service.go:217.97,219.16 2 6
github.com/Razzle131/dungeon-challenge/core/service.go:219.16,221.3 1 3
github.com/Razzle131/dungeon-challenge/core/service.go:223.2,223.45 1 3
github.com/Razzle131/dungeon-challenge/core/service.go:223.45,225.3 1 1
github.com/Razzle131/dungeon-challenge/core/service.go:227.2,228.49 2 2
github.com/Razzle131/dungeon-challenge/core/service.go:228.49,231.3 2 2
github.com/Razzle131/dungeon-challenge/core/service.go:233.2,233.143 1 2
github.com/Razzle131/dungeon-challenge/core/service.go:233.143,236.3 2 1
github.com/Razzle131/dungeon-challenge/core/service.go:238.2,239.33 2 2
github.com/Razzle131/dungeon-challenge/core/service.go:239.33,242.3 2 0
github.com/Razzle131/dungeon-challenge/core/service.go:243.2,243.16 1 2
github.com/Razzle131/dungeon-challenge/core/service.go:243.16,245.3 1 0
github.com/Razzle131/dungeon-challenge/core/service.go:247.2,247.12 1 2
github.com/Razzle131/dungeon-challenge/core/service.go:250.97,252.16 2 5
github.com/Razzle131/dungeon-challenge/core/service.go:252.16,254.3 1 3
github.com/Razzle131/dungeon-challenge/core/service.go:256.2,256.26 1 2
github.com/Razzle131/dungeon-challenge/core/service.go:256.26,258.3 1 1
github.com/Razzle131/dungeon-challenge/core/service.go:260.2,262.33 3 1
github.com/Razzle131/dungeon-challenge/core/service.go:262.33,265.3 2 0
github.com/Razzle131/dungeon-challenge/core/service.go:266.2,266.16 1 1
github.com/Razzle131/dungeon-challenge/core/service.go:266.16,268.3 1 0
github.com/Razzle131/dungeon-challenge/core/service.go:270.2,270.12 1 1
github.com/Razzle131/dungeon-challenge/core/service.go:273.93,275.16 2 4
github.com/Razzle131/dungeon-challenge/core/service.go:275.16,277.3 1 3
github.com/Razzle131/dungeon-challenge/core/service.go:279.2,283.33 4 1
github.com/Razzle131/dungeon-challenge/core/service.go:283.33,286.3 2 0
github.com/Razzle131/dungeon-challenge/core/service.go:287.2,287.16 1 1
github.com/Razzle131/dungeon-challenge/core/service.go:287.16,289.3 1 0
github.com/Razzle131/dungeon-challenge/core/service.go:291.2,291.12 1 1
github.com/Razzle131/dungeon-challenge/core/service.go:294.93,296.16 2 6
github.com/Razzle131/dungeon-challenge/core/service.go:296.16,298.3 1 3
github.com/Razzle131/dungeon-challenge/core/service.go:300.2,300.49 1 3
github.com/Razzle131/dungeon-challenge/core/service.go:300.49,302.3 1 1
github.com/Razzle131/dungeon-challenge/core/service.go:304.2,304.47 1 2
github.com/Razzle131/dungeon-challenge/core/service.go:304.47,306.3 1 1
github.com/Razzle131/dungeon-challenge/core/service.go:308.2,312.33 4 1
github.com/Razzle131/dungeon-challenge/core/service.go:312.33,315.3 2 0
github.com/Razzle131/dungeon-challenge/core/service.go:316.2,316.16 1 1
github.com/Razzle131/dungeon-challenge/core/service.go:316.16,318.3 1 0
github.com/Razzle131/dungeon-challenge/core/service.go:320.2,320.12 1 1
github.com/Razzle131/dungeon-challenge/core/service.go:323.94,325.16 2 5
github.com/Razzle131/dungeon-challenge/core/service.go:325.16,327.3 1 3
github.com/Razzle131/dungeon-challenge/core/service.go:329.2,330.38 2 2
github.com/Razzle131/dungeon-challenge/core/service.go:330.38,331.24 1 2
github.com/Razzle131/dungeon-challenge/core/service.go:331.24,333.9 2 1
github.com/Razzle131/dungeon-challenge/core/service.go:337.2,340.33 3 2
github.com/Razzle131/dungeon-challenge/core/service.go:340.33,343.3 2 0
github.com/Razzle131/dungeon-challenge/core/service.go:344.2,344.16 1 2
github.com/Razzle131/dungeon-challenge/core/service.go:344.16,346.3 1 0
github.com/Razzle131/dungeon-challenge/core/service.go:348.2,348.12 1 2
github.com/Razzle131/dungeon-challenge/core/service.go:351.97,353.16 2 5
github.com/Razzle131/dungeon-challenge/core/service.go:353.16,355.3 1 3
github.com/Razzle131/dungeon-challenge/core/service.go:357.2,361.33 4 2
github.com/Razzle131/dungeon-challenge/core/service.go:361.33,364.3 2 0
github.com/Razzle131/dungeon-challenge/core/service.go:365.2,365.16 1 2
github.com/Razzle131/dungeon-challenge/core/service.go:365.16,367.3 1 0
github.com/Razzle131/dungeon-challenge/core/service.go:369.2,369.12 1 2
github.com/Razzle131/dungeon-challenge/core/service.go:372.101,374.16 2 6
github.com/Razzle131/dungeon-challenge/core/service.go:374.16,376.3 1 3
github.com/Razzle131/dungeon-challenge/core/service.go:378.2,378.16 1 3
github.com/Razzle131/dungeon-challenge/core/service.go:378.16,380.3 1 1
github.com/Razzle131/dungeon-challenge/core/service.go:382.2,385.33 3 2
github.com/Razzle131/dungeon-challenge/core/service.go:385.33,388.3 2 0
github.com/Razzle131/dungeon-challenge/core/service.go:389.2,389.16 1 2
github.com/Razzle131/dungeon-challenge/core/service.go:389.16,391.3 1 0
github.com/Razzle131/dungeon-challenge/core/service.go:393.2,393.12 1 2
github.com/Razzle131/dungeon-challenge/core/service.go:396.110,398.16 2 6
github.com/Razzle131/dungeon-challenge/core/service.go:398.16,400.3 1 3
github.com/Razzle131/dungeon-challenge/core/service.go:402.2,402.16 1 3
github.com/Razzle131/dungeon-challenge/core/service.go:402.16,404.3 1 1
github.com/Razzle131/dungeon-challenge/core/service.go:406.2,408.26 3 2
github.com/Razzle131/dungeon-challenge/core/service.go:408.26,412.3 3 1
github.com/Razzle131/dungeon-challenge/core/service.go:414.2,415.33 2 2
github.com/Razzle131/dungeon-challenge/core/service.go:415.33,418.3 2 0
github.com/Razzle131/dungeon-challenge/core/service.go:419.2,419.16 1 2
github.com/Razzle131/dungeon-challenge/core/service.go:419.16,421.3 1 0
github.com/Razzle131/dungeon-challenge/core/service.go:423.2,423.20 1 2
github.com/Razzle131/dungeon-challenge/core/service.go:426.66,429.16 3 10
github.com/Razzle131/dungeon-challenge/core/service.go:429.16,431.3 1 0
github.com/Razzle131/dungeon-challenge/core/service.go:434.113,435.42 1 53
github.com/Razzle131/dungeon-challenge/core/service.go:435.42,437.3 1 10
github.com/Razzle131/dungeon-challenge/core/service.go:439.2,439.42 1 43
github.com/Razzle131/dungeon-challenge/core/service.go:439.42,442.3 2 10
github.com/Razzle131/dungeon-challenge/core/service.go:444.2,444.77 1 33
github.com/Razzle131/dungeon-challenge/core/service.go:444.77,446.3 1 0
github.com/Razzle131/dungeon-challenge/core/service.go:448.2,448.59 1 33
github.com/Razzle131/dungeon-challenge/core/service.go:448.59,450.3 1 10
github.com/Razzle131/dungeon-challenge/core/service.go:452.2,452.12 1 23
github.com/Razzle131/dungeon-challenge/core/service.go:455.56,456.35 1 0
github.com/Razzle131/dungeon-challenge/core/service.go:456.35,458.3 1 0
github.com/Razzle131/dungeon-challenge/core/service.go:460.2,460.69 1 0
github.com/Razzle131/dungeon-challenge/core/service.go:460.69,462.3 1 0
github.com/Razzle131/dungeon-challenge/core/service.go:464.2,475.33 4 0
github.com/Razzle131/dungeon-challenge/core/service.go:475.33,476.45 1 0
github.com/Razzle131/dungeon-challenge/core/service.go:476.45,479.4 2 0
github.com/Razzle131/dungeon-challenge/core/service.go:480.3,480.44 1 0
github.com/Razzle131/dungeon-challenge/core/service.go:480.44,482.4 1 0
github.com/Razzle131/dungeon-challenge/core/service.go:485.2,485.25 1 0
github.com/Razzle131/dungeon-challenge/core/service.go:485.25,487.3 1 0
github.com/Razzle131/dungeon-challenge/core/service.go:489.2,489.12 1 0
