mode: atomic
github.com/Razzle131/dungeon-challenge/core/models.go:27.45,41.39 2 0
github.com/Razzle131/dungeon-challenge/core/models.go:41.39,44.3 2 0
github.com/Razzle131/dungeon-challenge/core/models.go:46.2,46.12 1 0
github.com/Razzle131/dungeon-challenge/core/service.go:20.109,33.2 1 68
github.com/Razzle131/dungeon-challenge/core/service.go:37.54,40.6 3 0
github.com/Razzle131/dungeon-challenge/core/service.go:40.6,42.28 2 0
github.com/Razzle131/dungeon-challenge/core/service.go:42.28,43.9 1 0
github.com/Razzle131/dungeon-challenge/core/service.go:46.3,46.56 1 0
github.com/Razzle131/dungeon-challenge/core/service.go:46.56,48.4 1 0
github.com/Razzle131/dungeon-challenge/core/service.go:50.3,52.34 3 0
github.com/Razzle131/dungeon-challenge/core/service.go:52.34,54.18 2 0
github.com/Razzle131/dungeon-challenge/core/service.go:54.18,56.5 1 0
github.com/Razzle131/dungeon-challenge/core/service.go:57.9,57.24 1 0
github.com/Razzle131/dungeon-challenge/core/service.go:57.24,59.4 1 0
github.com/Razzle131/dungeon-challenge/core/service.go:61.3,63.23 2 0
github.com/Razzle131/dungeon-challenge/core/service.go:66.2,69.33 3 0
github.com/Razzle131/dungeon-challenge/core/service.go:69.33,71.3 1 0
github.com/Razzle131/dungeon-challenge/core/service.go:74.40,76.28 2 0
github.com/Razzle131/dungeon-challenge/core/service.go:76.28,78.3 1 0
github.com/Razzle131/dungeon-challenge/core/service.go:79.2,79.17 1 0
github.com/Razzle131/dungeon-challenge/core/service.go:82.81,84.23 2 0
github.com/Razzle131/dungeon-challenge/core/service.go:85.21,86.86 1 0
github.com/Razzle131/dungeon-challenge/core/service.go:87.18,88.88 1 0
github.com/Razzle131/dungeon-challenge/core/service.go:89.24,90.93 1 0
github.com/Razzle131/dungeon-challenge/core/service.go:91.22,92.93 1 0
github.com/Razzle131/dungeon-challenge/core/service.go:93.22,94.93 1 0
github.com/Razzle131/dungeon-challenge/core/service.go:95.22,96.89 1 0
github.com/Razzle131/dungeon-challenge/core/service.go:97.21,98.88 1 0
github.com/Razzle131/dungeon-challenge/core/service.go:99.17,100.85 1 0
github.com/Razzle131/dungeon-challenge/core/service.go:101.27,102.98 1 0
github.com/Razzle131/dungeon-challenge/core/service.go:103.19,105.10 2 0
github.com/Razzle131/dungeon-challenge/core/service.go:105.10,106.9 1 0
github.com/Razzle131/dungeon-challenge/core/service.go:109.3,110.17 2 0
github.com/Razzle131/dungeon-challenge/core/service.go:110.17,112.4 1 0
github.com/Razzle131/dungeon-challenge/core/service.go:113.20,115.10 2 0
github.com/Razzle131/dungeon-challenge/core/service.go:115.10,116.9 1 0
github.com/Razzle131/dungeon-challenge/core/service.go:119.3,120.17 2 0
github.com/Razzle131/dungeon-challenge/core/service.go:120.17,122.4 1 0
github.com/Razzle131/dungeon-challenge/core/service.go:123.3,123.13 1 0
github.com/Razzle131/dungeon-challenge/core/service.go:123.13,125.4 1 0
github.com/Razzle131/dungeon-challenge/core/service.go:128.2,128.39 1 0
github.com/Razzle131/dungeon-challenge/core/service.go:128.39,130.3 1 0
github.com/Razzle131/dungeon-challenge/core/service.go:132.2,132.43 1 0
github.com/Razzle131/dungeon-challenge/core/service.go:132.43,134.3 1 0
github.com/Razzle131/dungeon-challenge/core/service.go:137.162,139.16 2 0
github.com/Razzle131/dungeon-challenge/core/service.go:139.16,142.3 1 0
github.com/Razzle131/dungeon-challenge/core/service.go:143.2,144.12 2 0
github.com/Razzle131/dungeon-challenge/core/service.go:147.93,148.42 1 4
github.com/Razzle131/dungeon-challenge/core/service.go:148.42,150.3 1 1
github.com/Razzle131/dungeon-challenge/core/service.go:152.2,152.42 1 3
github.com/Razzle131/dungeon-challenge/core/service.go:152.42,154.3 1 1
github.com/Razzle131/dungeon-challenge/core/service.go:156.2,158.33 3 2
github.com/Razzle131/dungeon-challenge/core/service.go:158.33,161.3 2 0
github.com/Razzle131/dungeon-challenge/core/service.go:162.2,162.16 1 2
github.com/Razzle131/dungeon-challenge/core/service.go:162.16,164.3 1 0
github.com/Razzle131/dungeon-challenge/core/service.go:166.2,166.12 1 2
github.com/Razzle131/dungeon-challenge/core/service.go:169.98,171.16 2 6
github.com/Razzle131/dungeon-challenge/core/service.go:171.16,173.3 1 4
github.com/Razzle131/dungeon-challenge/core/service.go:175.2,180.36 6 2
github.com/Razzle131/dungeon-challenge/core/service.go:180.36,183.3 2 1
github.com/Razzle131/dungeon-challenge/core/service.go:185.2,186.33 2 2
github.com/Razzle131/dungeon-challenge/core/service.go:186.33,189.3 2 0
github.com/Razzle131/dungeon-challenge/core/service.go:190.2,190.16 1 2
github.com/Razzle131/dungeon-challenge/core/service.go:190.16,192.3 1 0
github.com/Razzle131/dungeon-challenge/core/service.go:194.2,194.12 1 2
github.com/Razzle131/dungeon-challenge/core/service.go:197.97,199.16 2 7
github.com/Razzle131/dungeon-challenge/core/service.go:199.16,201.3 1 4
github.com/Razzle131/dungeon-challenge/core/service.go:203.2,203.48 1 3
github.com/Razzle131/dungeon-challenge/core/service.go:203.48,205.3 1 1
github.com/Razzle131/dungeon-challenge/core/service.go:207.2,207.50 1 2
github.com/Razzle131/dungeon-challenge/core/service.go:207.50,209.3 1 1
github.com/Razzle131/dungeon-challenge/core/service.go:211.2,212.50 2 1
github.com/Razzle131/dungeon-challenge/core/service.go:212.50,215.3 2 1
github.com/Razzle131/dungeon-challenge/core/service.go:217.2,218.33 2 1
github.com/Razzle131/dungeon-challenge/core/service.go:218.33,221.3 2 0
github.com/Razzle131/dungeon-challenge/core/service.go:222.2,222.16 1 1
github.com/Razzle131/dungeon-challenge/core/service.go:222.16,224.3 1 0
github.com/Razzle131/dungeon-challenge/core/service.go:226.2,226.12 1 1
github.com/Razzle131/dungeon-challenge/core/service.go:229.99,231.16 2 7
github.com/Razzle131/dungeon-challenge/core/service.go:231.16,233.3 1 4
github.com/Razzle131/dungeon-challenge/core/service.go:235.2,235.45 1 3
github.com/Razzle131/dungeon-challenge/core/service.go:235.45,237.3 1 1
github.com/Razzle131/dungeon-challenge/core/service.go:239.2,240.49 2 2
github.com/Razzle131/dungeon-challenge/core/service.go:240.49,243.3 2 2
github.com/Razzle131/dungeon-challenge/core/service.go:245.2,245.143 1 2
github.com/Razzle131/dungeon-challenge/core/service.go:245.143,248.3 2 1
github.com/Razzle131/dungeon-challenge/core/service.go:250.2,251.33 2 2
github.com/Razzle131/dungeon-challenge/core/service.go:251.33,254.3 2 0
github.com/Razzle131/dungeon-challenge/core/service.go:255.2,255.16 1 2
github.com/Razzle131/dungeon-challenge/core/service.go:255.16,257.3 1 0
github.com/Razzle131/dungeon-challenge/core/service.go:259.2,259.12 1 2
github.com/Razzle131/dungeon-challenge/core/service.go:262.99,264.16 2 6
github.com/Razzle131/dungeon-challenge/core/service.go:264.16,266.3 1 4
github.com/Razzle131/dungeon-challenge/core/service.go:268.2,268.26 1 2
github.com/Razzle131/dungeon-challenge/core/service.go:268.26,270.3 1 1
github.com/Razzle131/dungeon-challenge/core/service.go:272.2,274.33 3 1
github.com/Razzle131/dungeon-challenge/core/service.go:274.33,277.3 2 0
github.com/Razzle131/dungeon-challenge/core/service.go:278.2,278.16 1 1
github.com/Razzle131/dungeon-challenge/core/service.go:278.16,280.3 1 0
github.com/Razzle131/dungeon-challenge/core/service.go:282.2,282.12 1 1
github.com/Razzle131/dungeon-challenge/core/service.go:285.95,287.16 2 5
github.com/Razzle131/dungeon-challenge/core/service.go:287.16,289.3 1 4
github.com/Razzle131/dungeon-challenge/core/service.go:291.2,291.49 1 1
github.com/Razzle131/dungeon-challenge/core/service.go:291.49,295.3 3 1
github.com/Razzle131/dungeon-challenge/core/service.go:297.2,298.33 2 1
github.com/Razzle131/dungeon-challenge/core/service.go:298.33,301.3 2 0
github.com/Razzle131/dungeon-challenge/core/service.go:302.2,302.16 1 1
github.com/Razzle131/dungeon-challenge/core/service.go:302.16,304.3 1 0
github.com/Razzle131/dungeon-challenge/core/service.go:306.2,306.12 1 1
github.com/Razzle131/dungeon-challenge/core/service.go:309.95,311.16 2 7
github.com/Razzle131/dungeon-challenge/core/service.go:311.16,313.3 1 4
github.com/Razzle131/dungeon-challenge/core/service.go:315.2,315.49 1 3
github.com/Razzle131/dungeon-challenge/core/service.go:315.49,317.3 1 1
github.com/Razzle131/dungeon-challenge/core/service.go:319.2,319.47 1 2
github.com/Razzle131/dungeon-challenge/core/service.go:319.47,321.3 1 1
github.com/Razzle131/dungeon-challenge/core/service.go:323.2,327.33 4 1
github.com/Razzle131/dungeon-challenge/core/service.go:327.33,330.3 2 0
github.com/Razzle131/dungeon-challenge/core/service.go:331.2,331.16 1 1
github.com/Razzle131/dungeon-challenge/core/service.go:331.16,333.3 1 0
github.com/Razzle131/dungeon-challenge/core/service.go:335.2,335.12 1 1
github.com/Razzle131/dungeon-challenge/core/service.go:338.96,340.16 2 6
github.com/Razzle131/dungeon-challenge/core/service.go:340.16,342.3 1 4
github.com/Razzle131/dungeon-challenge/core/service.go:344.2,345.38 2 2
github.com/Razzle131/dungeon-challenge/core/service.go:345.38,346.24 1 2
github.com/Razzle131/dungeon-challenge/core/service.go:346.24,348.9 2 1
github.com/Razzle131/dungeon-challenge/core/service.go:352.2,355.33 3 2
github.com/Razzle131/dungeon-challenge/core/service.go:355.33,358.3 2 0
github.com/Razzle131/dungeon-challenge/core/service.go:359.2,359.16 1 2
github.com/Razzle131/dungeon-challenge/core/service.go:359.16,361.3 1 0
github.com/Razzle131/dungeon-challenge/core/service.go:363.2,363.12 1 2
github.com/Razzle131/dungeon-challenge/core/service.go:366.99,368.16 2 6
github.com/Razzle131/dungeon-challenge/core/service.go:368.16,370.3 1 3
github.com/Razzle131/dungeon-challenge/core/service.go:372.2,372.40 1 3
github.com/Razzle131/dungeon-challenge/core/service.go:372.40,374.3 1 1
github.com/Razzle131/dungeon-challenge/core/service.go:375.2,378.33 3 3
github.com/Razzle131/dungeon-challenge/core/service.go:378.33,381.3 2 0
github.com/Razzle131/dungeon-challenge/core/service.go:382.2,382.16 1 3
github.com/Razzle131/dungeon-challenge/core/service.go:382.16,384.3 1 0
github.com/Razzle131/dungeon-challenge/core/service.go:386.2,386.12 1 3
github.com/Razzle131/dungeon-challenge/core/service.go:389.103,391.16 2 7
github.com/Razzle131/dungeon-challenge/core/service.go:391.16,393.3 1 4
github.com/Razzle131/dungeon-challenge/core/service.go:395.2,395.16 1 3
github.com/Razzle131/dungeon-challenge/core/service.go:395.16,397.3 1 1
github.com/Razzle131/dungeon-challenge/core/service.go:399.2,402.33 3 2
github.com/Razzle131/dungeon-challenge/core/service.go:402.33,405.3 2 0
github.com/Razzle131/dungeon-challenge/core/service.go:406.2,406.16 1 2
github.com/Razzle131/dungeon-challenge/core/service.go:406.16,408.3 1 0
github.com/Razzle131/dungeon-challenge/core/service.go:410.2,410.12 1 2
github.com/Razzle131/dungeon-challenge/core/service.go:413.112,415.16 2 7
github.com/Razzle131/dungeon-challenge/core/service.go:415.16,417.3 1 4
github.com/Razzle131/dungeon-challenge/core/service.go:419.2,419.16 1 3
github.com/Razzle131/dungeon-challenge/core/service.go:419.16,421.3 1 1
github.com/Razzle131/dungeon-challenge/core/service.go:423.2,425.26 3 2
github.com/Razzle131/dungeon-challenge/core/service.go:425.26,429.3 3 1
github.com/Razzle131/dungeon-challenge/core/service.go:431.2,432.33 2 2
github.com/Razzle131/dungeon-challenge/core/service.go:432.33,435.3 2 0
github.com/Razzle131/dungeon-challenge/core/service.go:436.2,436.16 1 2
github.com/Razzle131/dungeon-challenge/core/service.go:436.16,438.3 1 0
github.com/Razzle131/dungeon-challenge/core/service.go:440.2,440.20 1 2
github.com/Razzle131/dungeon-challenge/core/service.go:443.66,446.16 3 10
github.com/Razzle131/dungeon-challenge/core/service.go:446.16,448.3 1 0
github.com/Razzle131/dungeon-challenge/core/service.go:451.116,452.42 1 64
github.com/Razzle131/dungeon-challenge/core/service.go:452.42,454.3 1 10
github.com/Razzle131/dungeon-challenge/core/service.go:456.2,456.42 1 54
github.com/Razzle131/dungeon-challenge/core/service.go:456.42,459.3 2 10
github.com/Razzle131/dungeon-challenge/core/service.go:461.2,461.77 1 44
github.com/Razzle131/dungeon-challenge/core/service.go:461.77,463.3 1 9
github.com/Razzle131/dungeon-challenge/core/service.go:465.2,465.59 1 35
github.com/Razzle131/dungeon-challenge/core/service.go:465.59,467.3 1 10
github.com/Razzle131/dungeon-challenge/core/service.go:469.2,469.12 1 25
github.com/Razzle131/dungeon-challenge/core/service.go:472.56,473.35 1 4
github.com/Razzle131/dungeon-challenge/core/service.go:473.35,475.3 1 1
github.com/Razzle131/dungeon-challenge/core/service.go:477.2,477.69 1 4
github.com/Razzle131/dungeon-challenge/core/service.go:477.69,479.3 1 1
github.com/Razzle131/dungeon-challenge/core/service.go:481.2,492.33 4 4
github.com/Razzle131/dungeon-challenge/core/service.go:492.33,493.45 1 4
github.com/Razzle131/dungeon-challenge/core/service.go:493.45,496.4 2 1
github.com/Razzle131/dungeon-challenge/core/service.go:497.3,497.44 1 4
github.com/Razzle131/dungeon-challenge/core/service.go:497.44,499.4 1 1
github.com/Razzle131/dungeon-challenge/core/service.go:502.2,502.25 1 4
github.com/Razzle131/dungeon-challenge/core/service.go:502.25,504.3 1 1
github.com/Razzle131/dungeon-challenge/core/service.go:506.2,506.12 1 4
github.com/Razzle131/dungeon-challenge/config/config.go:25.41,27.16 2 0
github.com/Razzle131/dungeon-challenge/config/config.go:27.16,28.13 1 0
github.com/Razzle131/dungeon-challenge/config/config.go:30.2,34.16 4 0
github.com/Razzle131/dungeon-challenge/config/config.go:34.16,35.13 1 0
github.com/Razzle131/dungeon-challenge/config/config.go:38.2,39.16 2 0
github.com/Razzle131/dungeon-challenge/config/config.go:39.16,40.13 1 0
github.com/Razzle131/dungeon-challenge/config/config.go:43.2,43.25 1 0
github.com/Razzle131/dungeon-challenge/config/config.go:43.25,44.48 1 0
github.com/Razzle131/dungeon-challenge/config/config.go:47.2,52.3 1 0
github.com/Razzle131/dungeon-challenge/adapters/players/players.go:14.35,18.2 1 0
github.com/Razzle131/dungeon-challenge/adapters/players/players.go:20.100,21.40 1 0
github.com/Razzle131/dungeon-challenge/adapters/players/players.go:21.40,23.3 1 0
github.com/Razzle131/dungeon-challenge/adapters/players/players.go:25.2,26.15 2 0
github.com/Razzle131/dungeon-challenge/adapters/players/players.go:29.88,30.41 1 0
github.com/Razzle131/dungeon-challenge/adapters/players/players.go:30.41,32.3 1 0
github.com/Razzle131/dungeon-challenge/adapters/players/players.go:34.2,35.12 2 0
github.com/Razzle131/dungeon-challenge/adapters/players/players.go:38.97,40.12 2 0
github.com/Razzle131/dungeon-challenge/adapters/players/players.go:40.12,42.3 1 0
github.com/Razzle131/dungeon-challenge/adapters/players/players.go:44.2,44.17 1 0
github.com/Razzle131/dungeon-challenge/adapters/players/players.go:47.82,49.30 2 0
github.com/Razzle131/dungeon-challenge/adapters/players/players.go:49.30,51.3 1 0
github.com/Razzle131/dungeon-challenge/adapters/players/players.go:53.2,53.50 1 0
github.com/Razzle131/dungeon-challenge/adapters/players/players.go:53.50,55.3 1 0
github.com/Razzle131/dungeon-challenge/adapters/players/players.go:57.2,57.12 1 0
github.com/Razzle131/dungeon-challenge/adapters/events/events.go:20.53,22.16 2 0
github.com/Razzle131/dungeon-challenge/adapters/events/events.go:22.16,24.3 1 0
github.com/Razzle131/dungeon-challenge/adapters/events/events.go:26.2,30.8 1 0
github.com/Razzle131/dungeon-challenge/adapters/events/events.go:33.44,34.39 1 0
github.com/Razzle131/dungeon-challenge/adapters/events/events.go:34.39,36.3 1 0
github.com/Razzle131/dungeon-challenge/adapters/events/events.go:39.68,41.14 2 0
github.com/Razzle131/dungeon-challenge/adapters/events/events.go:41.14,43.3 1 0
github.com/Razzle131/dungeon-challenge/adapters/events/events.go:45.2,49.16 4 0
github.com/Razzle131/dungeon-challenge/adapters/events/events.go:49.16,51.3 1 0
github.com/Razzle131/dungeon-challenge/adapters/events/events.go:53.2,54.16 2 0
github.com/Razzle131/dungeon-challenge/adapters/events/events.go:54.16,56.3 1 0
github.com/Razzle131/dungeon-challenge/adapters/events/events.go:58.2,59.16 2 0
github.com/Razzle131/dungeon-challenge/adapters/events/events.go:59.16,61.3 1 0
github.com/Razzle131/dungeon-challenge/adapters/events/events.go:63.2,64.34 2 0
github.com/Razzle131/dungeon-challenge/adapters/events/events.go:64.34,66.3 1 0
github.com/Razzle131/dungeon-challenge/adapters/events/events.go:67.2,67.54 1 0
github.com/Razzle131/dungeon-challenge/adapters/events/events.go:67.54,69.17 2 0
github.com/Razzle131/dungeon-challenge/adapters/events/events.go:69.17,71.4 1 0
github.com/Razzle131/dungeon-challenge/adapters/events/events.go:74.2,80.17 1 0
github.com/Razzle131/dungeon-challenge/adapters/printer/printer.go:11.24,13.2 1 0
github.com/Razzle131/dungeon-challenge/adapters/printer/printer.go:15.55,17.2 1 0
github.com/Razzle131/dungeon-challenge/adapters/printer/printer.go:19.52,21.2 1 0
github.com/Razzle131/dungeon-challenge/adapters/printer/printer.go:23.58,25.2 1 0
github.com/Razzle131/dungeon-challenge/adapters/printer/printer.go:27.56,29.2 1 0
github.com/Razzle131/dungeon-challenge/adapters/printer/printer.go:31.56,33.2 1 0
github.com/Razzle131/dungeon-challenge/adapters/printer/printer.go:35.56,37.2 1 0
github.com/Razzle131/dungeon-challenge/adapters/printer/printer.go:39.55,41.2 1 0
github.com/Razzle131/dungeon-challenge/adapters/printer/printer.go:43.51,45.2 1 0
github.com/Razzle131/dungeon-challenge/adapters/printer/printer.go:47.61,49.2 1 0
github.com/Razzle131/dungeon-challenge/adapters/printer/printer.go:51.53,53.2 1 0
github.com/Razzle131/dungeon-challenge/adapters/printer/printer.go:55.54,57.2 1 0
github.com/Razzle131/dungeon-challenge/adapters/printer/printer.go:59.59,61.2 1 0
github.com/Razzle131/dungeon-challenge/adapters/printer/printer.go:63.51,65.2 1 0
github.com/Razzle131/dungeon-challenge/adapters/printer/printer.go:67.61,69.2 1 0
github.com/Razzle131/dungeon-challenge/adapters/printer/printer.go:71.41,73.2 1 0
github.com/Razzle131/dungeon-challenge/adapters/printer/printer.go:75.56,83.2 1 0
github.com/Razzle131/dungeon-challenge/adapters/printer/printer.go:90.39,96.2 4 0
github.com/Razzle131/dungeon-challenge/main.go:14.13,24.16 8 0
github.com/Razzle131/dungeon-challenge/main.go:24.16,25.13 1 0
github.com/Razzle131/dungeon-challenge/main.go:27.2,34.45 5 0
github.com/Razzle131/dungeon-challenge/core/mocks/mock.go:33.67,37.2 3 0
github.com/Razzle131/dungeon-challenge/core/mocks/mock.go:40.65,42.2 1 0
github.com/Razzle131/dungeon-challenge/core/mocks/mock.go:45.62,51.2 5 0
github.com/Razzle131/dungeon-challenge/core/mocks/mock.go:54.68,57.2 2 0
github.com/Razzle131/dungeon-challenge/core/mocks/mock.go:72.77,76.2 3 0
github.com/Razzle131/dungeon-challenge/core/mocks/mock.go:79.75,81.2 1 0
github.com/Razzle131/dungeon-challenge/core/mocks/mock.go:84.99,90.2 5 0
github.com/Razzle131/dungeon-challenge/core/mocks/mock.go:93.80,96.2 2 0
github.com/Razzle131/dungeon-challenge/core/mocks/mock.go:99.81,104.2 4 0
github.com/Razzle131/dungeon-challenge/core/mocks/mock.go:107.81,110.2 2 0
github.com/Razzle131/dungeon-challenge/core/mocks/mock.go:113.96,119.2 5 0
github.com/Razzle131/dungeon-challenge/core/mocks/mock.go:122.85,125.2 2 0
github.com/Razzle131/dungeon-challenge/core/mocks/mock.go:128.87,133.2 4 0
github.com/Razzle131/dungeon-challenge/core/mocks/mock.go:136.83,139.2 2 0
github.com/Razzle131/dungeon-challenge/core/mocks/mock.go:154.59,158.2 3 0
github.com/Razzle131/dungeon-challenge/core/mocks/mock.go:161.57,163.2 1 0
github.com/Razzle131/dungeon-challenge/core/mocks/mock.go:166.62,169.2 2 0
github.com/Razzle131/dungeon-challenge/core/mocks/mock.go:172.81,175.2 2 0
github.com/Razzle131/dungeon-challenge/core/mocks/mock.go:178.55,181.2 2 0
github.com/Razzle131/dungeon-challenge/core/mocks/mock.go:184.74,187.2 2 0
github.com/Razzle131/dungeon-challenge/core/mocks/mock.go:190.52,193.2 2 0
github.com/Razzle131/dungeon-challenge/core/mocks/mock.go:196.71,199.2 2 0
github.com/Razzle131/dungeon-challenge/core/mocks/mock.go:202.60,205.2 2 0
github.com/Razzle131/dungeon-challenge/core/mocks/mock.go:208.79,211.2 2 0
github.com/Razzle131/dungeon-challenge/core/mocks/mock.go:214.53,217.2 2 0
github.com/Razzle131/dungeon-challenge/core/mocks/mock.go:220.72,223.2 2 0
github.com/Razzle131/dungeon-challenge/core/mocks/mock.go:226.57,229.2 2 0
github.com/Razzle131/dungeon-challenge/core/mocks/mock.go:232.76,235.2 2 0
github.com/Razzle131/dungeon-challenge/core/mocks/mock.go:238.54,241.2 2 0
github.com/Razzle131/dungeon-challenge/core/mocks/mock.go:244.73,247.2 2 0
github.com/Razzle131/dungeon-challenge/core/mocks/mock.go:250.62,253.2 2 0
github.com/Razzle131/dungeon-challenge/core/mocks/mock.go:256.81,259.2 2 0
github.com/Razzle131/dungeon-challenge/core/mocks/mock.go:262.56,265.2 2 0
github.com/Razzle131/dungeon-challenge/core/mocks/mock.go:268.75,271.2 2 0
github.com/Razzle131/dungeon-challenge/core/mocks/mock.go:274.59,277.2 2 0
github.com/Razzle131/dungeon-challenge/core/mocks/mock.go:280.78,283.2 2 0
github.com/Razzle131/dungeon-challenge/core/mocks/mock.go:286.52,289.2 2 0
github.com/Razzle131/dungeon-challenge/core/mocks/mock.go:292.71,295.2 2 0
github.com/Razzle131/dungeon-challenge/core/mocks/mock.go:298.57,301.2 2 0
github.com/Razzle131/dungeon-challenge/core/mocks/mock.go:304.76,307.2 2 0
github.com/Razzle131/dungeon-challenge/core/mocks/mock.go:310.57,313.2 2 0
github.com/Razzle131/dungeon-challenge/core/mocks/mock.go:316.76,319.2 2 0
github.com/Razzle131/dungeon-challenge/core/mocks/mock.go:322.56,325.2 2 0
github.com/Razzle131/dungeon-challenge/core/mocks/mock.go:328.75,331.2 2 0
